<?xml version="1.0" encoding="UTF-8"?>
<!-- Generated by org.testng.reporters.JUnitReportReporter -->
<testsuite hostname="iram-Inspiron-3470" failures="0" tests="3" name="testRunner.TestRun" time="0.159" errors="0" timestamp="2024-02-20T12:56:31 IST" skipped="0">
  <testcase classname="testRunner.TestRun" name="runScenario" time="0.014"/>
  <testcase classname="testRunner.TestRun" name="runScenario" time="0.134"/>
  <testcase classname="testRunner.TestRun" name="runScenario" time="0.011"/>
</testsuite> <!-- testRunner.TestRun -->
